#! /usr/local/bin/vvp
:ivl_version "10.1 (stable)";
:ivl_delay_selection "TYPICAL";
:vpi_time_precision - 8;
:vpi_module "system";
:vpi_module "vhdl_sys";
:vpi_module "v2005_math";
:vpi_module "va_math";
S_048cd8f0 .scope module, "SB_IO" "SB_IO" 2 1;
 .timescale 0 0;
    .port_info 0 /INOUT 1 "PACKAGE_PIN"
    .port_info 1 /INPUT 1 "LATCH_INPUT_VALUE"
    .port_info 2 /INPUT 1 "CLOCK_ENABLE"
    .port_info 3 /INPUT 1 "INPUT_CLK"
    .port_info 4 /INPUT 1 "OUTPUT_CLK"
    .port_info 5 /INPUT 1 "OUTPUT_ENABLE"
    .port_info 6 /INPUT 1 "D_OUT_0"
    .port_info 7 /INPUT 1 "D_OUT_1"
    .port_info 8 /OUTPUT 1 "D_IN_0"
    .port_info 9 /OUTPUT 1 "D_IN_1"
P_048cba18 .param/str "IO_STANDARD" 0 2 16, "SB_LVCMOS";
P_048cba38 .param/l "NEG_TRIGGER" 0 2 15, C4<0>;
P_048cba58 .param/l "PIN_TYPE" 0 2 13, C4<000000>;
P_048cba78 .param/l "PULLUP" 0 2 14, C4<0>;
o048cefd4 .functor BUFZ 1, C4<z>; HiZ drive
v048ca6e0_0 .net "CLOCK_ENABLE", 0 0, o048cefd4;  0 drivers
o048cefec .functor BUFZ 1, C4<z>; HiZ drive
v048ca738_0 .net "D_IN_0", 0 0, o048cefec;  0 drivers
o048cf004 .functor BUFZ 1, C4<z>; HiZ drive
v048ca790_0 .net "D_IN_1", 0 0, o048cf004;  0 drivers
o048cf01c .functor BUFZ 1, C4<z>; HiZ drive
v048ca7e8_0 .net "D_OUT_0", 0 0, o048cf01c;  0 drivers
o048cf034 .functor BUFZ 1, C4<z>; HiZ drive
v048ca840_0 .net "D_OUT_1", 0 0, o048cf034;  0 drivers
o048cf04c .functor BUFZ 1, C4<z>; HiZ drive
v048ca898_0 .net "INPUT_CLK", 0 0, o048cf04c;  0 drivers
o048cf064 .functor BUFZ 1, C4<z>; HiZ drive
v048ca8f0_0 .net "LATCH_INPUT_VALUE", 0 0, o048cf064;  0 drivers
o048cf07c .functor BUFZ 1, C4<z>; HiZ drive
v048ca948_0 .net "OUTPUT_CLK", 0 0, o048cf07c;  0 drivers
o048cf094 .functor BUFZ 1, C4<z>; HiZ drive
v048ca9a0_0 .net "OUTPUT_ENABLE", 0 0, o048cf094;  0 drivers
o048cf0ac .functor BUFZ 1, C4<z>; HiZ drive
v048ca9f8_0 .net "PACKAGE_PIN", 0 0, o048cf0ac;  0 drivers
S_048cb660 .scope module, "main_tb" "main_tb" 3 11;
 .timescale -7 -8;
P_048c3ee8 .param/l "DURATION" 0 3 14, +C4<00000000000000000000000000001010>;
v048caf78_0 .var "input_in_a", 0 0;
v048cafd0_0 .var "input_in_b", 0 0;
v048cb028_0 .net "output_o", 0 0, L_048c2f38;  1 drivers
S_048c2d98 .scope module, "MAIN" "main" 3 22, 4 6 0, S_048cb660;
 .timescale 0 0;
    .port_info 0 /INPUT 1 "va9742d"
    .port_info 1 /INPUT 1 "va57306"
    .port_info 2 /OUTPUT 1 "v676ecb"
L_048c2f38 .functor BUFZ 1, L_048ffd20, C4<0>, C4<0>, C4<0>;
L_048ffc00 .functor BUFZ 1, v048caf78_0, C4<0>, C4<0>, C4<0>;
L_048ffc48 .functor BUFZ 1, v048cafd0_0, C4<0>, C4<0>, C4<0>;
v048cad68_0 .net "v676ecb", 0 0, L_048c2f38;  alias, 1 drivers
v048cadc0_0 .net "va57306", 0 0, v048cafd0_0;  1 drivers
v048cae18_0 .net "va9742d", 0 0, v048caf78_0;  1 drivers
v048cae70_0 .net "w0", 0 0, L_048ffd20;  1 drivers
v048caec8_0 .net "w1", 0 0, L_048ffc00;  1 drivers
v048caf20_0 .net "w2", 0 0, L_048ffc48;  1 drivers
S_048c2e68 .scope module, "v6e33e9" "main_logic_gate_and" 4 15, 4 22 0, S_048c2d98;
 .timescale 0 0;
    .port_info 0 /INPUT 1 "v0e28cb"
    .port_info 1 /INPUT 1 "v3ca442"
    .port_info 2 /OUTPUT 1 "vcbab45"
L_048ffc90 .functor BUFZ 1, L_048ffc00, C4<0>, C4<0>, C4<0>;
L_048ffcd8 .functor BUFZ 1, L_048ffc48, C4<0>, C4<0>, C4<0>;
L_048ffd20 .functor BUFZ 1, L_048ffd68, C4<0>, C4<0>, C4<0>;
v048cab58_0 .net "v0e28cb", 0 0, L_048ffc00;  alias, 1 drivers
v048cabb0_0 .net "v3ca442", 0 0, L_048ffc48;  alias, 1 drivers
v048cac08_0 .net "vcbab45", 0 0, L_048ffd20;  alias, 1 drivers
v048cac60_0 .net "w0", 0 0, L_048ffc90;  1 drivers
v048cacb8_0 .net "w1", 0 0, L_048ffcd8;  1 drivers
v048cad10_0 .net "w2", 0 0, L_048ffd68;  1 drivers
S_02edfda8 .scope module, "vf4938a" "main_logic_gate_and_basic_code_vf4938a" 4 31, 4 38 0, S_048c2e68;
 .timescale 0 0;
    .port_info 0 /INPUT 1 "a"
    .port_info 1 /INPUT 1 "b"
    .port_info 2 /OUTPUT 1 "c"
L_048ffd68 .functor AND 1, L_048ffc90, L_048ffcd8, C4<1>, C4<1>;
v048caa50_0 .net "a", 0 0, L_048ffc90;  alias, 1 drivers
v048caaa8_0 .net "b", 0 0, L_048ffcd8;  alias, 1 drivers
v048cab00_0 .net "c", 0 0, L_048ffd68;  alias, 1 drivers
    .scope S_048cb660;
T_0 ;
    %vpi_call 3 30 "$dumpfile", "AND_tb.vcd" {0 0 0};
    %vpi_call 3 31 "$dumpvars", 32'sb00000000000000000000000000000000, S_048cb660 {0 0 0};
    %pushi/vec4 0, 0, 1;
    %store/vec4 v048caf78_0, 0, 1;
    %pushi/vec4 0, 0, 1;
    %store/vec4 v048cafd0_0, 0, 1;
    %delay 500, 0;
    %pushi/vec4 1, 0, 1;
    %store/vec4 v048cafd0_0, 0, 1;
    %pushi/vec4 0, 0, 1;
    %store/vec4 v048caf78_0, 0, 1;
    %delay 200, 0;
    %pushi/vec4 1, 0, 1;
    %store/vec4 v048caf78_0, 0, 1;
    %delay 200, 0;
    %pushi/vec4 0, 0, 1;
    %store/vec4 v048cafd0_0, 0, 1;
    %pushi/vec4 1, 0, 1;
    %store/vec4 v048caf78_0, 0, 1;
    %delay 200, 0;
    %pushi/vec4 0, 0, 1;
    %store/vec4 v048caf78_0, 0, 1;
    %delay 200, 0;
    %delay 100, 0;
    %vpi_call 3 69 "$display", "End of simulation" {0 0 0};
    %vpi_call 3 70 "$finish" {0 0 0};
    %end;
    .thread T_0;
# The file index is used to find the file name in the following table.
:file_names 5;
    "N/A";
    "<interactive>";
    "C:\Users\jjjimenez\.apio\packages\toolchain-iverilog\vlib\system.v";
    "AND_tb.v";
    "AND.v";
