#! /usr/local/bin/vvp
:ivl_version "10.1 (stable)";
:ivl_delay_selection "TYPICAL";
:vpi_time_precision - 9;
:vpi_module "system";
:vpi_module "vhdl_sys";
:vpi_module "v2005_math";
:vpi_module "va_math";
S_0313a058 .scope module, "SB_IO" "SB_IO" 2 1;
 .timescale 0 0;
    .port_info 0 /INOUT 1 "PACKAGE_PIN"
    .port_info 1 /INPUT 1 "LATCH_INPUT_VALUE"
    .port_info 2 /INPUT 1 "CLOCK_ENABLE"
    .port_info 3 /INPUT 1 "INPUT_CLK"
    .port_info 4 /INPUT 1 "OUTPUT_CLK"
    .port_info 5 /INPUT 1 "OUTPUT_ENABLE"
    .port_info 6 /INPUT 1 "D_OUT_0"
    .port_info 7 /INPUT 1 "D_OUT_1"
    .port_info 8 /OUTPUT 1 "D_IN_0"
    .port_info 9 /OUTPUT 1 "D_IN_1"
P_0313a410 .param/str "IO_STANDARD" 0 2 16, "SB_LVCMOS";
P_0313a430 .param/l "NEG_TRIGGER" 0 2 15, C4<0>;
P_0313a450 .param/l "PIN_TYPE" 0 2 13, C4<000000>;
P_0313a470 .param/l "PULLUP" 0 2 14, C4<0>;
o0313c94c .functor BUFZ 1, C4<z>; HiZ drive
v0313a128_0 .net "CLOCK_ENABLE", 0 0, o0313c94c;  0 drivers
o0313c964 .functor BUFZ 1, C4<z>; HiZ drive
v03132a10_0 .net "D_IN_0", 0 0, o0313c964;  0 drivers
o0313c97c .functor BUFZ 1, C4<z>; HiZ drive
v0316e970_0 .net "D_IN_1", 0 0, o0313c97c;  0 drivers
o0313c994 .functor BUFZ 1, C4<z>; HiZ drive
v0316e9c8_0 .net "D_OUT_0", 0 0, o0313c994;  0 drivers
o0313c9ac .functor BUFZ 1, C4<z>; HiZ drive
v0316ea20_0 .net "D_OUT_1", 0 0, o0313c9ac;  0 drivers
o0313c9c4 .functor BUFZ 1, C4<z>; HiZ drive
v0316ea78_0 .net "INPUT_CLK", 0 0, o0313c9c4;  0 drivers
o0313c9dc .functor BUFZ 1, C4<z>; HiZ drive
v0316ead0_0 .net "LATCH_INPUT_VALUE", 0 0, o0313c9dc;  0 drivers
o0313c9f4 .functor BUFZ 1, C4<z>; HiZ drive
v0316eb28_0 .net "OUTPUT_CLK", 0 0, o0313c9f4;  0 drivers
o0313ca0c .functor BUFZ 1, C4<z>; HiZ drive
v0316eb80_0 .net "OUTPUT_ENABLE", 0 0, o0313ca0c;  0 drivers
o0313ca24 .functor BUFZ 1, C4<z>; HiZ drive
v0316ebd8_0 .net "PACKAGE_PIN", 0 0, o0313ca24;  0 drivers
S_03132940 .scope module, "main_tb" "main_tb" 3 10;
 .timescale -8 -9;
P_03133618 .param/l "DURATION" 0 3 13, +C4<00000000000000000000000000001010>;
v0316efa0_0 .var "input_i", 0 0;
v0316eff8_0 .net "output_o", 0 0, L_032bf080;  1 drivers
S_032bfc88 .scope module, "MAIN" "main" 3 20, 4 6 0, S_03132940;
 .timescale 0 0;
    .port_info 0 /INPUT 1 "v6d4cdf"
    .port_info 1 /OUTPUT 1 "vabc7eb"
L_032bfe28 .functor BUFZ 1, v0316efa0_0, C4<0>, C4<0>, C4<0>;
L_032bf080 .functor BUFZ 1, L_032bf110, C4<0>, C4<0>, C4<0>;
v0316ee40_0 .net "v6d4cdf", 0 0, v0316efa0_0;  1 drivers
v0316ee98_0 .net "vabc7eb", 0 0, L_032bf080;  alias, 1 drivers
v0316eef0_0 .net "w0", 0 0, L_032bfe28;  1 drivers
v0316ef48_0 .net "w1", 0 0, L_032bf110;  1 drivers
S_032bfd58 .scope module, "vcfedf9" "main_logic_gate_not" 4 12, 4 18 0, S_032bfc88;
 .timescale 0 0;
    .port_info 0 /INPUT 1 "v0e28cb"
    .port_info 1 /OUTPUT 1 "vcbab45"
L_032bf0c8 .functor BUFZ 1, L_032bfe28, C4<0>, C4<0>, C4<0>;
L_032bf110 .functor BUFZ 1, L_032bf158, C4<0>, C4<0>, C4<0>;
v0316ece0_0 .net "v0e28cb", 0 0, L_032bfe28;  alias, 1 drivers
v0316ed38_0 .net "vcbab45", 0 0, L_032bf110;  alias, 1 drivers
v0316ed90_0 .net "w0", 0 0, L_032bf0c8;  1 drivers
v0316ede8_0 .net "w1", 0 0, L_032bf158;  1 drivers
S_032befb0 .scope module, "vd54ca1" "main_logic_gate_not_basic_code_vd54ca1" 4 24, 4 30 0, S_032bfd58;
 .timescale 0 0;
    .port_info 0 /INPUT 1 "a"
    .port_info 1 /OUTPUT 1 "c"
L_032bf158 .functor NOT 1, L_032bf0c8, C4<0>, C4<0>, C4<0>;
v0316ec30_0 .net "a", 0 0, L_032bf0c8;  alias, 1 drivers
v0316ec88_0 .net "c", 0 0, L_032bf158;  alias, 1 drivers
    .scope S_03132940;
T_0 ;
    %vpi_call 3 27 "$dumpfile", "not_tb.vcd" {0 0 0};
    %vpi_call 3 28 "$dumpvars", 32'sb00000000000000000000000000000000, S_03132940 {0 0 0};
    %pushi/vec4 0, 0, 1;
    %store/vec4 v0316efa0_0, 0, 1;
    %pushi/vec4 0, 0, 1;
    %store/vec4 v0316efa0_0, 0, 1;
    %delay 500, 0;
    %pushi/vec4 1, 0, 1;
    %store/vec4 v0316efa0_0, 0, 1;
    %delay 500, 0;
    %pushi/vec4 0, 0, 1;
    %store/vec4 v0316efa0_0, 0, 1;
    %delay 500, 0;
    %delay 100, 0;
    %vpi_call 3 54 "$display", "End of simulation" {0 0 0};
    %vpi_call 3 55 "$finish" {0 0 0};
    %end;
    .thread T_0;
# The file index is used to find the file name in the following table.
:file_names 5;
    "N/A";
    "<interactive>";
    "C:\Users\jjjimenez/.apio\packages\toolchain-iverilog\vlib\system.v";
    "not_tb.v";
    "not.v";
