#! /usr/local/bin/vvp
:ivl_version "10.1 (stable)";
:ivl_delay_selection "TYPICAL";
:vpi_time_precision - 8;
:vpi_module "system";
:vpi_module "vhdl_sys";
:vpi_module "v2005_math";
:vpi_module "va_math";
S_02d4d938 .scope module, "SB_IO" "SB_IO" 2 1;
 .timescale 0 0;
    .port_info 0 /INOUT 1 "PACKAGE_PIN"
    .port_info 1 /INPUT 1 "LATCH_INPUT_VALUE"
    .port_info 2 /INPUT 1 "CLOCK_ENABLE"
    .port_info 3 /INPUT 1 "INPUT_CLK"
    .port_info 4 /INPUT 1 "OUTPUT_CLK"
    .port_info 5 /INPUT 1 "OUTPUT_ENABLE"
    .port_info 6 /INPUT 1 "D_OUT_0"
    .port_info 7 /INPUT 1 "D_OUT_1"
    .port_info 8 /OUTPUT 1 "D_IN_0"
    .port_info 9 /OUTPUT 1 "D_IN_1"
P_02d4ba60 .param/str "IO_STANDARD" 0 2 16, "SB_LVCMOS";
P_02d4ba80 .param/l "NEG_TRIGGER" 0 2 15, C4<0>;
P_02d4baa0 .param/l "PIN_TYPE" 0 2 13, C4<000000>;
P_02d4bac0 .param/l "PULLUP" 0 2 14, C4<0>;
o02d4ef9c .functor BUFZ 1, C4<z>; HiZ drive
v02d4a728_0 .net "CLOCK_ENABLE", 0 0, o02d4ef9c;  0 drivers
o02d4efb4 .functor BUFZ 1, C4<z>; HiZ drive
v02d4a780_0 .net "D_IN_0", 0 0, o02d4efb4;  0 drivers
o02d4efcc .functor BUFZ 1, C4<z>; HiZ drive
v02d4a7d8_0 .net "D_IN_1", 0 0, o02d4efcc;  0 drivers
o02d4efe4 .functor BUFZ 1, C4<z>; HiZ drive
v02d4a830_0 .net "D_OUT_0", 0 0, o02d4efe4;  0 drivers
o02d4effc .functor BUFZ 1, C4<z>; HiZ drive
v02d4a888_0 .net "D_OUT_1", 0 0, o02d4effc;  0 drivers
o02d4f014 .functor BUFZ 1, C4<z>; HiZ drive
v02d4a8e0_0 .net "INPUT_CLK", 0 0, o02d4f014;  0 drivers
o02d4f02c .functor BUFZ 1, C4<z>; HiZ drive
v02d4a938_0 .net "LATCH_INPUT_VALUE", 0 0, o02d4f02c;  0 drivers
o02d4f044 .functor BUFZ 1, C4<z>; HiZ drive
v02d4a990_0 .net "OUTPUT_CLK", 0 0, o02d4f044;  0 drivers
o02d4f05c .functor BUFZ 1, C4<z>; HiZ drive
v02d4a9e8_0 .net "OUTPUT_ENABLE", 0 0, o02d4f05c;  0 drivers
o02d4f074 .functor BUFZ 1, C4<z>; HiZ drive
v02d4aa40_0 .net "PACKAGE_PIN", 0 0, o02d4f074;  0 drivers
S_02d42d98 .scope module, "and_tb" "and_tb" 3 13;
 .timescale -7 -8;
P_02d43ee8 .param/l "DURATION" 0 3 16, +C4<00000000000000000000001111101000>;
v02d4afc0_0 .var "cableA", 0 0;
v02d4b018_0 .var "cableB", 0 0;
v02d4b070_0 .net "cableC", 0 0, L_02dfff48;  1 drivers
S_02d42e68 .scope module, "SB1" "main_and" 3 25, 4 1 0, S_02d42d98;
 .timescale 0 0;
    .port_info 0 /INPUT 1 "va9742d"
    .port_info 1 /INPUT 1 "va57306"
    .port_info 2 /OUTPUT 1 "v676ecb"
L_02dfff48 .functor BUFZ 1, L_02d7fce0, C4<0>, C4<0>, C4<0>;
L_02d7fbc0 .functor BUFZ 1, v02d4afc0_0, C4<0>, C4<0>, C4<0>;
L_02d7fc08 .functor BUFZ 1, v02d4b018_0, C4<0>, C4<0>, C4<0>;
v02d4adb0_0 .net "v676ecb", 0 0, L_02dfff48;  alias, 1 drivers
v02d4ae08_0 .net "va57306", 0 0, v02d4b018_0;  1 drivers
v02d4ae60_0 .net "va9742d", 0 0, v02d4afc0_0;  1 drivers
v02d4aeb8_0 .net "w0", 0 0, L_02d7fce0;  1 drivers
v02d4af10_0 .net "w1", 0 0, L_02d7fbc0;  1 drivers
v02d4af68_0 .net "w2", 0 0, L_02d7fc08;  1 drivers
S_02dffda8 .scope module, "v6e33e9" "main_logic_gate_and" 4 10, 4 17 0, S_02d42e68;
 .timescale 0 0;
    .port_info 0 /INPUT 1 "v0e28cb"
    .port_info 1 /INPUT 1 "v3ca442"
    .port_info 2 /OUTPUT 1 "vcbab45"
L_02d7fc50 .functor BUFZ 1, L_02d7fbc0, C4<0>, C4<0>, C4<0>;
L_02d7fc98 .functor BUFZ 1, L_02d7fc08, C4<0>, C4<0>, C4<0>;
L_02d7fce0 .functor BUFZ 1, L_02d7fd28, C4<0>, C4<0>, C4<0>;
v02d4aba0_0 .net "v0e28cb", 0 0, L_02d7fbc0;  alias, 1 drivers
v02d4abf8_0 .net "v3ca442", 0 0, L_02d7fc08;  alias, 1 drivers
v02d4ac50_0 .net "vcbab45", 0 0, L_02d7fce0;  alias, 1 drivers
v02d4aca8_0 .net "w0", 0 0, L_02d7fc50;  1 drivers
v02d4ad00_0 .net "w1", 0 0, L_02d7fc98;  1 drivers
v02d4ad58_0 .net "w2", 0 0, L_02d7fd28;  1 drivers
S_02dffe78 .scope module, "vf4938a" "main_logic_gate_and_basic_code_vf4938a" 4 26, 4 33 0, S_02dffda8;
 .timescale 0 0;
    .port_info 0 /INPUT 1 "a"
    .port_info 1 /INPUT 1 "b"
    .port_info 2 /OUTPUT 1 "c"
L_02d7fd28 .functor AND 1, L_02d7fc50, L_02d7fc98, C4<1>, C4<1>;
v02d4aa98_0 .net "a", 0 0, L_02d7fc50;  alias, 1 drivers
v02d4aaf0_0 .net "b", 0 0, L_02d7fc98;  alias, 1 drivers
v02d4ab48_0 .net "c", 0 0, L_02d7fd28;  alias, 1 drivers
    .scope S_02d42d98;
T_0 ;
    %vpi_call 3 44 "$dumpfile", "and_tb.vcd" {0 0 0};
    %vpi_call 3 45 "$dumpvars", 32'sb00000000000000000000000000000000, S_02d42d98 {0 0 0};
    %pushi/vec4 0, 0, 1;
    %store/vec4 v02d4afc0_0, 0, 1;
    %pushi/vec4 0, 0, 1;
    %store/vec4 v02d4b018_0, 0, 1;
    %delay 500, 0;
    %pushi/vec4 1, 0, 1;
    %store/vec4 v02d4b018_0, 0, 1;
    %pushi/vec4 1, 0, 1;
    %store/vec4 v02d4afc0_0, 0, 1;
    %delay 200, 0;
    %pushi/vec4 0, 0, 1;
    %store/vec4 v02d4afc0_0, 0, 1;
    %delay 200, 0;
    %pushi/vec4 0, 0, 1;
    %store/vec4 v02d4b018_0, 0, 1;
    %pushi/vec4 1, 0, 1;
    %store/vec4 v02d4afc0_0, 0, 1;
    %delay 200, 0;
    %pushi/vec4 0, 0, 1;
    %store/vec4 v02d4afc0_0, 0, 1;
    %delay 200, 0;
    %delay 10000, 0;
    %vpi_call 3 71 "$display", "End of simulation" {0 0 0};
    %vpi_call 3 72 "$finish" {0 0 0};
    %end;
    .thread T_0;
# The file index is used to find the file name in the following table.
:file_names 5;
    "N/A";
    "<interactive>";
    "C:\Users\jjjimenez\.apio\packages\toolchain-iverilog\vlib\system.v";
    "and_tb.v";
    "AND.v";
