#! /usr/local/bin/vvp
:ivl_version "10.1 (stable)";
:ivl_delay_selection "TYPICAL";
:vpi_time_precision - 8;
:vpi_module "system";
:vpi_module "vhdl_sys";
:vpi_module "v2005_math";
:vpi_module "va_math";
S_02c1d8f0 .scope module, "SB_IO" "SB_IO" 2 1;
 .timescale 0 0;
    .port_info 0 /INOUT 1 "PACKAGE_PIN"
    .port_info 1 /INPUT 1 "LATCH_INPUT_VALUE"
    .port_info 2 /INPUT 1 "CLOCK_ENABLE"
    .port_info 3 /INPUT 1 "INPUT_CLK"
    .port_info 4 /INPUT 1 "OUTPUT_CLK"
    .port_info 5 /INPUT 1 "OUTPUT_ENABLE"
    .port_info 6 /INPUT 1 "D_OUT_0"
    .port_info 7 /INPUT 1 "D_OUT_1"
    .port_info 8 /OUTPUT 1 "D_IN_0"
    .port_info 9 /OUTPUT 1 "D_IN_1"
P_02c1ba18 .param/str "IO_STANDARD" 0 2 16, "SB_LVCMOS";
P_02c1ba38 .param/l "NEG_TRIGGER" 0 2 15, C4<0>;
P_02c1ba58 .param/l "PIN_TYPE" 0 2 13, C4<000000>;
P_02c1ba78 .param/l "PULLUP" 0 2 14, C4<0>;
o02c1efd4 .functor BUFZ 1, C4<z>; HiZ drive
v02c1a6e0_0 .net "CLOCK_ENABLE", 0 0, o02c1efd4;  0 drivers
o02c1efec .functor BUFZ 1, C4<z>; HiZ drive
v02c1a738_0 .net "D_IN_0", 0 0, o02c1efec;  0 drivers
o02c1f004 .functor BUFZ 1, C4<z>; HiZ drive
v02c1a790_0 .net "D_IN_1", 0 0, o02c1f004;  0 drivers
o02c1f01c .functor BUFZ 1, C4<z>; HiZ drive
v02c1a7e8_0 .net "D_OUT_0", 0 0, o02c1f01c;  0 drivers
o02c1f034 .functor BUFZ 1, C4<z>; HiZ drive
v02c1a840_0 .net "D_OUT_1", 0 0, o02c1f034;  0 drivers
o02c1f04c .functor BUFZ 1, C4<z>; HiZ drive
v02c1a898_0 .net "INPUT_CLK", 0 0, o02c1f04c;  0 drivers
o02c1f064 .functor BUFZ 1, C4<z>; HiZ drive
v02c1a8f0_0 .net "LATCH_INPUT_VALUE", 0 0, o02c1f064;  0 drivers
o02c1f07c .functor BUFZ 1, C4<z>; HiZ drive
v02c1a948_0 .net "OUTPUT_CLK", 0 0, o02c1f07c;  0 drivers
o02c1f094 .functor BUFZ 1, C4<z>; HiZ drive
v02c1a9a0_0 .net "OUTPUT_ENABLE", 0 0, o02c1f094;  0 drivers
o02c1f0ac .functor BUFZ 1, C4<z>; HiZ drive
v02c1a9f8_0 .net "PACKAGE_PIN", 0 0, o02c1f0ac;  0 drivers
S_02c1b660 .scope module, "main_tb" "main_tb" 3 11;
 .timescale -7 -8;
P_02c13ee8 .param/l "DURATION" 0 3 14, +C4<00000000000000000000000000001010>;
v02c1af78_0 .var "input_in_a", 0 0;
v02c1afd0_0 .var "input_in_b", 0 0;
v02c1b028_0 .net "output_o", 0 0, L_02c12f38;  1 drivers
S_02c12d98 .scope module, "MAIN" "main" 3 22, 4 6 0, S_02c1b660;
 .timescale 0 0;
    .port_info 0 /INPUT 1 "va9742d"
    .port_info 1 /INPUT 1 "va57306"
    .port_info 2 /OUTPUT 1 "v676ecb"
L_02c12f38 .functor BUFZ 1, L_02c4fd20, C4<0>, C4<0>, C4<0>;
L_02c4fc00 .functor BUFZ 1, v02c1af78_0, C4<0>, C4<0>, C4<0>;
L_02c4fc48 .functor BUFZ 1, v02c1afd0_0, C4<0>, C4<0>, C4<0>;
v02c1ad68_0 .net "v676ecb", 0 0, L_02c12f38;  alias, 1 drivers
v02c1adc0_0 .net "va57306", 0 0, v02c1afd0_0;  1 drivers
v02c1ae18_0 .net "va9742d", 0 0, v02c1af78_0;  1 drivers
v02c1ae70_0 .net "w0", 0 0, L_02c4fd20;  1 drivers
v02c1aec8_0 .net "w1", 0 0, L_02c4fc00;  1 drivers
v02c1af20_0 .net "w2", 0 0, L_02c4fc48;  1 drivers
S_02c12e68 .scope module, "v6e33e9" "main_logic_gate_and" 4 15, 4 22 0, S_02c12d98;
 .timescale 0 0;
    .port_info 0 /INPUT 1 "v0e28cb"
    .port_info 1 /INPUT 1 "v3ca442"
    .port_info 2 /OUTPUT 1 "vcbab45"
L_02c4fc90 .functor BUFZ 1, L_02c4fc00, C4<0>, C4<0>, C4<0>;
L_02c4fcd8 .functor BUFZ 1, L_02c4fc48, C4<0>, C4<0>, C4<0>;
L_02c4fd20 .functor BUFZ 1, L_02c4fd68, C4<0>, C4<0>, C4<0>;
v02c1ab58_0 .net "v0e28cb", 0 0, L_02c4fc00;  alias, 1 drivers
v02c1abb0_0 .net "v3ca442", 0 0, L_02c4fc48;  alias, 1 drivers
v02c1ac08_0 .net "vcbab45", 0 0, L_02c4fd20;  alias, 1 drivers
v02c1ac60_0 .net "w0", 0 0, L_02c4fc90;  1 drivers
v02c1acb8_0 .net "w1", 0 0, L_02c4fcd8;  1 drivers
v02c1ad10_0 .net "w2", 0 0, L_02c4fd68;  1 drivers
S_02cffda8 .scope module, "vf4938a" "main_logic_gate_and_basic_code_vf4938a" 4 31, 4 38 0, S_02c12e68;
 .timescale 0 0;
    .port_info 0 /INPUT 1 "a"
    .port_info 1 /INPUT 1 "b"
    .port_info 2 /OUTPUT 1 "c"
L_02c4fd68 .functor AND 1, L_02c4fc90, L_02c4fcd8, C4<1>, C4<1>;
v02c1aa50_0 .net "a", 0 0, L_02c4fc90;  alias, 1 drivers
v02c1aaa8_0 .net "b", 0 0, L_02c4fcd8;  alias, 1 drivers
v02c1ab00_0 .net "c", 0 0, L_02c4fd68;  alias, 1 drivers
    .scope S_02c1b660;
T_0 ;
    %vpi_call 3 30 "$dumpfile", "AND_tb.vcd" {0 0 0};
    %vpi_call 3 31 "$dumpvars", 32'sb00000000000000000000000000000000, S_02c1b660 {0 0 0};
    %pushi/vec4 0, 0, 1;
    %store/vec4 v02c1af78_0, 0, 1;
    %pushi/vec4 0, 0, 1;
    %store/vec4 v02c1afd0_0, 0, 1;
    %delay 500, 0;
    %pushi/vec4 1, 0, 1;
    %store/vec4 v02c1afd0_0, 0, 1;
    %pushi/vec4 1, 0, 1;
    %store/vec4 v02c1af78_0, 0, 1;
    %delay 200, 0;
    %pushi/vec4 0, 0, 1;
    %store/vec4 v02c1af78_0, 0, 1;
    %delay 200, 0;
    %pushi/vec4 0, 0, 1;
    %store/vec4 v02c1afd0_0, 0, 1;
    %pushi/vec4 1, 0, 1;
    %store/vec4 v02c1af78_0, 0, 1;
    %delay 200, 0;
    %pushi/vec4 0, 0, 1;
    %store/vec4 v02c1af78_0, 0, 1;
    %delay 200, 0;
    %delay 100, 0;
    %vpi_call 3 67 "$display", "End of simulation" {0 0 0};
    %vpi_call 3 68 "$finish" {0 0 0};
    %end;
    .thread T_0;
# The file index is used to find the file name in the following table.
:file_names 5;
    "N/A";
    "<interactive>";
    "C:\Users\jjjimenez\.apio\packages\toolchain-iverilog\vlib\system.v";
    "AND_tb.v";
    "AND.v";
